TN:
SF:src/app/app.component.ts
FN:70,(anonymous_0)
FN:40,(anonymous_1)
FN:41,(anonymous_2)
FN:49,(anonymous_3)
FN:90,(anonymous_4)
FN:94,(anonymous_5)
FN:102,(anonymous_6)
FN:108,(anonymous_7)
FN:30,(anonymous_8)
FN:114,(anonymous_9)
FN:115,(anonymous_10)
FN:116,(anonymous_11)
FN:117,(anonymous_12)
FN:127,(anonymous_13)
FN:133,(anonymous_14)
FN:141,(anonymous_15)
FN:154,(anonymous_16)
FN:160,(anonymous_17)
FN:164,(anonymous_18)
FNF:19
FNH:6
FNDA:2,(anonymous_0)
FNDA:0,(anonymous_1)
FNDA:0,(anonymous_2)
FNDA:0,(anonymous_3)
FNDA:0,(anonymous_4)
FNDA:0,(anonymous_5)
FNDA:0,(anonymous_6)
FNDA:0,(anonymous_7)
FNDA:0,(anonymous_8)
FNDA:2,(anonymous_9)
FNDA:0,(anonymous_10)
FNDA:0,(anonymous_11)
FNDA:0,(anonymous_12)
FNDA:0,(anonymous_13)
FNDA:3,(anonymous_14)
FNDA:0,(anonymous_15)
FNDA:1,(anonymous_16)
FNDA:2,(anonymous_17)
FNDA:2,(anonymous_18)
DA:1,4
DA:2,4
DA:3,4
DA:5,4
DA:6,4
DA:7,4
DA:8,4
DA:9,4
DA:10,4
DA:11,4
DA:12,4
DA:13,4
DA:15,4
DA:16,4
DA:17,4
DA:18,4
DA:19,4
DA:20,4
DA:21,4
DA:28,4
DA:31,0
DA:32,0
DA:37,2
DA:39,2
DA:40,0
DA:41,0
DA:45,2
DA:49,0
DA:60,2
DA:61,2
DA:63,2
DA:64,2
DA:66,2
DA:68,2
DA:70,2
DA:71,2
DA:72,2
DA:73,2
DA:74,2
DA:75,2
DA:76,2
DA:77,2
DA:78,2
DA:79,2
DA:80,2
DA:81,2
DA:82,2
DA:83,2
DA:84,2
DA:86,2
DA:87,2
DA:88,2
DA:90,2
DA:91,0
DA:94,2
DA:95,0
DA:98,2
DA:100,2
DA:102,2
DA:103,0
DA:106,2
DA:108,2
DA:109,0
DA:110,0
DA:115,2
DA:116,0
DA:117,0
DA:118,0
DA:119,0
DA:120,0
DA:121,0
DA:128,0
DA:129,0
DA:135,3
DA:136,1
DA:138,3
DA:142,0
DA:151,0
DA:155,1
DA:156,1
DA:157,1
DA:161,2
DA:165,2
LF:83
LH:63
BRDA:51,0,0,0
BRDA:51,0,1,0
BRDA:55,1,0,0
BRDA:55,1,1,0
BRDA:55,2,0,0
BRDA:55,2,1,0
BRDA:55,3,0,0
BRDA:55,3,1,0
BRDA:95,4,0,0
BRDA:100,5,0,2
BRDA:100,5,1,2
BRDA:115,6,0,0
BRDA:115,6,1,2
BRDA:115,7,0,2
BRDA:115,7,1,2
BRDA:118,8,0,0
BRDA:128,9,0,0
BRDA:135,10,0,1
BRDA:135,11,0,3
BRDA:135,11,1,1
BRDA:151,12,0,0
BRDA:151,12,1,0
BRDA:151,13,0,0
BRDA:151,13,1,0
BRDA:151,14,0,0
BRDA:151,14,1,0
BRDA:70,15,0,4
BRDA:70,15,1,0
BRDA:70,16,0,4
BRDA:70,16,1,4
BRDA:70,17,0,4
BRDA:70,17,1,0
BRDA:70,18,0,4
BRDA:70,18,1,4
BRDA:71,19,0,4
BRDA:71,19,1,0
BRDA:71,20,0,4
BRDA:71,20,1,4
BRDA:72,21,0,4
BRDA:72,21,1,0
BRDA:72,22,0,4
BRDA:72,22,1,4
BRDA:73,23,0,4
BRDA:73,23,1,0
BRDA:73,24,0,4
BRDA:73,24,1,4
BRDA:74,25,0,4
BRDA:74,25,1,0
BRDA:74,26,0,4
BRDA:74,26,1,4
BRDA:75,27,0,4
BRDA:75,27,1,0
BRDA:75,28,0,4
BRDA:75,28,1,4
BRDA:76,29,0,4
BRDA:76,29,1,0
BRDA:76,30,0,4
BRDA:76,30,1,4
BRDA:77,31,0,4
BRDA:77,31,1,0
BRDA:77,32,0,4
BRDA:77,32,1,4
BRDA:78,33,0,4
BRDA:78,33,1,0
BRDA:78,34,0,4
BRDA:78,34,1,4
BRDA:79,35,0,4
BRDA:79,35,1,0
BRDA:79,36,0,4
BRDA:79,36,1,4
BRDA:80,37,0,4
BRDA:80,37,1,0
BRDA:80,38,0,4
BRDA:80,38,1,4
BRDA:81,39,0,4
BRDA:81,39,1,0
BRDA:81,40,0,4
BRDA:81,40,1,4
BRDA:82,41,0,4
BRDA:82,41,1,0
BRDA:82,42,0,4
BRDA:82,42,1,4
BRDA:83,43,0,4
BRDA:83,43,1,0
BRDA:83,44,0,4
BRDA:83,44,1,4
BRF:86
BRH:53
end_of_record
TN:
SF:src/app/root.component.ts
FN:8,(anonymous_0)
FNF:1
FNH:0
FNDA:0,(anonymous_0)
DA:1,0
DA:7,0
LF:2
LH:0
BRF:0
BRH:0
end_of_record
TN:
SF:src/app/authentication/auth-error.component.ts
FN:3,(anonymous_0)
FNF:1
FNH:1
FNDA:1,(anonymous_0)
DA:1,1
DA:3,1
DA:4,1
DA:11,1
LF:4
LH:4
BRDA:3,0,0,1
BRDA:3,0,1,1
BRF:2
BRH:2
end_of_record
TN:
SF:src/app/authentication/msal-config.service.ts
FN:19,(anonymous_0)
FN:23,(anonymous_1)
FN:25,(anonymous_2)
FN:30,(anonymous_3)
FN:34,(anonymous_4)
FN:41,(anonymous_5)
FN:50,(anonymous_6)
FNF:7
FNH:7
FNDA:4,(anonymous_0)
FNDA:3,(anonymous_1)
FNDA:3,(anonymous_2)
FNDA:2,(anonymous_3)
FNDA:1,(anonymous_4)
FNDA:2,(anonymous_5)
FNDA:1,(anonymous_6)
DA:1,2
DA:2,2
DA:3,2
DA:14,2
DA:17,4
DA:19,4
DA:20,4
DA:24,3
DA:25,3
DA:26,3
DA:31,2
DA:32,2
DA:35,1
DA:42,2
DA:43,1
DA:46,1
DA:47,1
DA:50,1
LF:18
LH:18
BRDA:42,0,0,1
BRDA:42,1,0,2
BRDA:42,1,1,1
BRDA:42,1,2,0
BRDA:46,2,0,1
BRDA:50,3,0,1
BRDA:50,3,1,1
BRDA:19,4,0,2
BRDA:19,4,1,0
BRDA:19,5,0,2
BRDA:19,5,1,2
BRF:11
BRH:9
end_of_record
TN:
SF:src/app/dashboard/dashboard.component.ts
FN:20,(anonymous_0)
FN:23,(anonymous_1)
FN:24,(anonymous_2)
FN:28,(anonymous_3)
FNF:4
FNH:3
FNDA:3,(anonymous_0)
FNDA:1,(anonymous_1)
FNDA:5,(anonymous_2)
FNDA:0,(anonymous_3)
DA:1,5
DA:3,5
DA:10,5
DA:12,3
DA:13,3
DA:14,3
DA:15,3
DA:20,3
DA:24,5
DA:25,1
DA:29,0
DA:30,0
LF:12
LH:10
BRDA:24,0,0,5
BRDA:24,0,1,2
BRDA:20,1,0,5
BRDA:20,1,1,0
BRDA:20,2,0,5
BRDA:20,2,1,5
BRF:6
BRH:5
end_of_record
TN:
SF:src/app/dashboard/widget/widget.component.ts
FN:43,(anonymous_0)
FN:37,(anonymous_1)
FN:48,(anonymous_2)
FN:53,(anonymous_3)
FN:58,(anonymous_4)
FN:69,(anonymous_5)
FNF:6
FNH:4
FNDA:1,(anonymous_0)
FNDA:0,(anonymous_1)
FNDA:1,(anonymous_2)
FNDA:1,(anonymous_3)
FNDA:1,(anonymous_4)
FNDA:0,(anonymous_5)
DA:1,2
DA:11,2
DA:12,2
DA:13,2
DA:14,2
DA:21,2
DA:24,1
DA:25,1
DA:26,1
DA:27,1
DA:28,1
DA:33,1
DA:34,1
DA:36,1
DA:37,0
DA:43,1
DA:44,1
DA:45,1
DA:49,1
DA:54,1
DA:59,1
DA:60,1
DA:61,1
DA:62,1
DA:63,1
DA:64,1
DA:65,1
DA:66,1
DA:70,0
DA:71,0
DA:74,0
DA:75,0
DA:79,0
DA:80,0
DA:81,0
DA:84,0
LF:36
LH:27
BRDA:38,0,0,0
BRDA:38,0,1,0
BRDA:39,1,0,0
BRDA:39,1,1,0
BRDA:65,2,0,1
BRDA:65,2,1,0
BRDA:65,3,0,1
BRDA:65,3,1,1
BRDA:66,4,0,1
BRDA:66,4,1,0
BRDA:66,5,0,1
BRDA:66,5,1,1
BRDA:70,6,0,0
BRDA:74,7,0,0
BRDA:80,8,0,0
BRDA:80,9,0,0
BRDA:80,9,1,0
BRDA:80,9,2,0
BRDA:43,10,0,2
BRDA:43,10,1,0
BRDA:43,11,0,2
BRDA:43,11,1,2
BRDA:43,12,0,2
BRDA:43,12,1,0
BRDA:43,13,0,2
BRDA:43,13,1,2
BRDA:44,14,0,2
BRDA:44,14,1,0
BRDA:44,15,0,2
BRDA:44,15,1,2
BRF:30
BRH:15
end_of_record
TN:
SF:src/app/error/error.component.ts
FN:4,(anonymous_0)
FNF:1
FNH:1
FNDA:1,(anonymous_0)
DA:1,1
DA:4,1
DA:5,1
DA:12,1
LF:4
LH:4
BRDA:4,0,0,1
BRDA:4,0,1,1
BRF:2
BRH:2
end_of_record
TN:
SF:src/app/identity-bar/identity-bar.component.ts
FN:24,(anonymous_0)
FN:28,(anonymous_1)
FNF:2
FNH:2
FNDA:1,(anonymous_0)
FNDA:1,(anonymous_1)
DA:1,1
DA:2,1
DA:3,1
DA:4,1
DA:6,1
DA:14,1
DA:16,1
DA:17,1
DA:18,1
DA:20,1
DA:22,1
DA:24,1
DA:25,1
DA:29,1
LF:14
LH:14
BRDA:24,0,0,1
BRDA:24,0,1,0
BRDA:24,1,0,1
BRDA:24,1,1,1
BRDA:24,2,0,1
BRDA:24,2,1,0
BRDA:24,3,0,1
BRDA:24,3,1,1
BRF:8
BRH:6
end_of_record
TN:
SF:src/app/modal-components/patient-info/patient-info.component.ts
FN:13,(anonymous_0)
FNF:1
FNH:1
FNDA:1,(anonymous_0)
DA:1,1
DA:2,1
DA:10,1
DA:13,1
LF:4
LH:4
BRDA:13,0,0,1
BRDA:13,0,1,0
BRDA:13,1,0,1
BRDA:13,1,1,1
BRF:4
BRH:3
end_of_record
TN:
SF:src/app/shared/constants/menu-contants.ts
FNF:0
FNH:0
DA:2,4
DA:4,4
LF:2
LH:2
BRF:0
BRH:0
end_of_record
TN:
SF:src/app/shared/directives/auto-animate.directive.ts
FN:8,(anonymous_0)
FNF:1
FNH:0
FNDA:0,(anonymous_0)
DA:1,0
DA:2,0
DA:7,0
DA:8,0
DA:9,0
LF:5
LH:0
BRDA:8,0,0,0
BRDA:8,0,1,0
BRDA:8,1,0,0
BRDA:8,1,1,0
BRF:4
BRH:0
end_of_record
TN:
SF:src/app/shared/directives/click-outside.directive.ts
FN:9,(anonymous_0)
FN:15,(anonymous_1)
FNF:2
FNH:0
FNDA:0,(anonymous_0)
FNDA:0,(anonymous_1)
DA:1,0
DA:7,0
DA:9,0
DA:12,0
DA:16,0
DA:17,0
DA:19,0
DA:20,0
DA:21,0
LF:9
LH:0
BRDA:16,0,0,0
BRDA:19,1,0,0
BRDA:19,1,1,0
BRDA:19,2,0,0
BRDA:19,2,1,0
BRDA:19,3,0,0
BRDA:19,3,1,0
BRDA:20,4,0,0
BRDA:9,5,0,0
BRDA:9,5,1,0
BRDA:9,6,0,0
BRDA:9,6,1,0
BRF:12
BRH:0
end_of_record
TN:
SF:src/app/shared/guards/auth.guard.ts
FN:11,(anonymous_0)
FN:16,(anonymous_1)
FNF:2
FNH:0
FNDA:0,(anonymous_0)
FNDA:0,(anonymous_1)
DA:1,0
DA:3,0
DA:4,0
DA:5,0
DA:10,0
DA:11,0
DA:12,0
DA:17,0
LF:8
LH:0
BRDA:17,0,0,0
BRDA:17,0,1,0
BRDA:11,1,0,0
BRDA:11,1,1,0
BRDA:11,2,0,0
BRDA:11,2,1,0
BRDA:11,3,0,0
BRDA:11,3,1,0
BRDA:11,4,0,0
BRDA:11,4,1,0
BRF:10
BRH:0
end_of_record
TN:
SF:src/app/shared/interceptors/error.interceptor.ts
FN:14,(anonymous_0)
FN:17,(anonymous_1)
FN:19,(anonymous_2)
FN:37,(anonymous_3)
FNF:4
FNH:0
FNDA:0,(anonymous_0)
FNDA:0,(anonymous_1)
FNDA:0,(anonymous_2)
FNDA:0,(anonymous_3)
DA:1,0
DA:9,0
DA:10,0
DA:13,0
DA:14,0
DA:18,0
DA:20,0
DA:22,0
DA:23,0
DA:25,0
DA:37,0
LF:11
LH:0
BRDA:22,0,0,0
BRDA:22,0,1,0
BRDA:14,1,0,0
BRDA:14,1,1,0
BRDA:14,2,0,0
BRDA:14,2,1,0
BRF:6
BRH:0
end_of_record
TN:
SF:src/app/shared/models/associated-topic.ts
FN:1,(anonymous_0)
FNF:1
FNH:1
FNDA:3,(anonymous_0)
DA:1,3
DA:2,3
DA:3,3
DA:4,3
LF:4
LH:4
BRDA:1,0,0,3
BRDA:1,0,1,3
BRF:2
BRH:2
end_of_record
TN:
SF:src/app/shared/models/dashboard-widget.model.ts
FN:3,(anonymous_0)
FNF:1
FNH:1
FNDA:11,(anonymous_0)
DA:3,11
DA:4,11
DA:5,11
LF:3
LH:3
BRDA:3,0,0,11
BRDA:3,0,1,11
BRF:2
BRH:2
end_of_record
TN:
SF:src/app/shared/models/ikarus-patient.model.ts
FN:55,convertDtoToPatient
FNF:1
FNH:1
FNDA:1,convertDtoToPatient
DA:31,5
DA:40,5
DA:55,5
DA:56,1
LF:4
LH:4
BRDA:61,0,0,1
BRDA:61,0,1,0
BRDA:61,1,0,1
BRDA:61,1,1,1
BRF:4
BRH:3
end_of_record
TN:
SF:src/app/shared/models/patient.model.ts
FN:89,(anonymous_0)
FNF:1
FNH:0
FNDA:0,(anonymous_0)
DA:16,5
DA:89,5
LF:2
LH:2
BRF:0
BRH:0
end_of_record
TN:
SF:src/app/shared/pipes/age.pipe.ts
FN:7,(anonymous_0)
FN:25,(anonymous_1)
FN:35,(anonymous_2)
FNF:3
FNH:3
FNDA:4,(anonymous_0)
FNDA:2,(anonymous_1)
FNDA:2,(anonymous_2)
DA:1,3
DA:6,3
DA:8,4
DA:9,2
DA:13,2
DA:14,2
DA:15,1
DA:16,1
DA:17,1
DA:18,1
DA:19,1
DA:21,1
DA:26,2
DA:27,2
DA:28,2
DA:29,2
DA:30,2
DA:32,2
DA:36,2
DA:37,2
DA:38,2
DA:39,2
DA:40,2
LF:23
LH:23
BRDA:8,0,0,2
BRDA:14,1,0,1
BRDA:14,1,1,1
BRDA:14,2,0,2
BRDA:14,2,1,2
BRDA:17,3,0,1
BRDA:17,3,1,0
BRDA:17,4,0,1
BRDA:17,4,1,0
BRDA:18,5,0,1
BRDA:18,5,1,0
BRDA:18,6,0,1
BRDA:18,6,1,0
BRDA:29,7,0,2
BRDA:29,8,0,2
BRDA:29,8,1,0
BRDA:29,8,2,0
BRDA:39,9,0,2
BRF:18
BRH:12
end_of_record
TN:
SF:src/app/shared/pipes/filter-by-name.pipe.ts
FN:8,(anonymous_0)
FN:9,(anonymous_1)
FNF:2
FNH:2
FNDA:10,(anonymous_0)
FNDA:20,(anonymous_1)
DA:1,2
DA:7,2
DA:9,10
DA:10,20
LF:4
LH:4
BRF:0
BRH:0
end_of_record
TN:
SF:src/app/shared/pipes/filter-by-topics.pipe.ts
FN:9,(anonymous_0)
FN:11,(anonymous_1)
FN:11,(anonymous_2)
FNF:3
FNH:3
FNDA:11,(anonymous_0)
FNDA:20,(anonymous_1)
FNDA:28,(anonymous_2)
DA:1,2
DA:8,2
DA:10,11
DA:11,28
LF:4
LH:4
BRDA:10,0,0,7
BRF:1
BRH:1
end_of_record
TN:
SF:src/app/shared/pipes/get-position.pipe.ts
FN:8,(anonymous_0)
FNF:1
FNH:1
FNDA:3,(anonymous_0)
DA:1,1
DA:7,1
DA:9,3
LF:3
LH:3
BRF:0
BRH:0
end_of_record
TN:
SF:src/app/shared/pipes/grid-area-styles.pipe.ts
FN:8,(anonymous_0)
FNF:1
FNH:1
FNDA:1,(anonymous_0)
DA:1,2
DA:7,2
DA:9,1
LF:3
LH:3
BRF:0
BRH:0
end_of_record
TN:
SF:src/app/shared/pipes/grid-slots.pipe.ts
FN:8,(anonymous_0)
FN:10,(anonymous_1)
FN:11,(anonymous_2)
FNF:3
FNH:3
FNDA:2,(anonymous_0)
FNDA:3,(anonymous_1)
FNDA:3,(anonymous_2)
DA:1,2
DA:7,2
DA:9,2
DA:10,3
DA:11,3
DA:13,2
DA:14,1
DA:17,2
DA:18,2
DA:19,112
DA:21,2
LF:11
LH:11
BRDA:13,0,0,1
BRDA:13,1,0,2
BRDA:13,1,1,1
BRF:3
BRH:3
end_of_record
TN:
SF:src/app/shared/pipes/icon.pipe.ts
FN:7,(anonymous_0)
FNF:1
FNH:1
FNDA:11,(anonymous_0)
DA:1,4
DA:6,4
DA:8,11
DA:9,4
DA:10,7
DA:11,2
DA:12,5
DA:13,1
DA:15,11
LF:9
LH:9
BRDA:7,0,0,1
BRDA:7,1,0,5
BRDA:7,2,0,8
BRDA:8,3,0,4
BRDA:8,3,1,7
BRDA:10,4,0,2
BRDA:10,4,1,5
BRDA:12,5,0,1
BRF:8
BRH:8
end_of_record
TN:
SF:src/app/shared/pipes/is-hovered.pipe.ts
FN:8,(anonymous_0)
FN:13,(anonymous_1)
FNF:2
FNH:2
FNDA:3,(anonymous_0)
FNDA:9,(anonymous_1)
DA:1,1
DA:7,1
DA:9,3
DA:10,0
DA:13,9
LF:5
LH:4
BRDA:9,0,0,0
BRDA:13,1,0,9
BRDA:13,1,1,3
BRF:3
BRH:2
end_of_record
TN:
SF:src/app/shared/pipes/is-visible-feature.pipe.ts
FN:9,(anonymous_0)
FN:11,(anonymous_1)
FNF:2
FNH:2
FNDA:1,(anonymous_0)
FNDA:3,(anonymous_1)
DA:1,1
DA:2,1
DA:8,1
DA:9,1
DA:12,3
DA:13,2
DA:15,1
LF:7
LH:7
BRDA:12,0,0,2
BRDA:9,1,0,1
BRDA:9,1,1,0
BRDA:9,2,0,1
BRDA:9,2,1,1
BRF:5
BRH:4
end_of_record
TN:
SF:src/app/shared/pipes/preview-position.pipe.ts
FN:8,(anonymous_0)
FNF:1
FNH:1
FNDA:6,(anonymous_0)
DA:1,1
DA:7,1
DA:9,6
DA:11,6
DA:13,6
DA:14,6
DA:15,6
DA:17,6
LF:8
LH:8
BRDA:9,0,0,0
BRDA:9,1,0,6
BRDA:9,1,1,6
BRF:3
BRH:2
end_of_record
TN:
SF:src/app/shared/pipes/safe-url.pipe.ts
FN:8,(anonymous_0)
FN:11,(anonymous_1)
FNF:2
FNH:1
FNDA:1,(anonymous_0)
FNDA:0,(anonymous_1)
DA:1,3
DA:2,3
DA:7,3
DA:8,1
DA:12,0
LF:5
LH:4
BRDA:12,0,0,0
BRDA:12,0,1,0
BRDA:8,1,0,3
BRDA:8,1,1,0
BRDA:8,2,0,3
BRDA:8,2,1,3
BRF:6
BRH:3
end_of_record
TN:
SF:src/app/shared/pipes/sort.pipe.ts
FN:8,(anonymous_0)
FN:9,(anonymous_1)
FNF:2
FNH:2
FNDA:7,(anonymous_0)
FNDA:17,(anonymous_1)
DA:1,2
DA:7,2
DA:9,7
DA:10,17
LF:4
LH:4
BRF:0
BRH:0
end_of_record
TN:
SF:src/app/shared/pipes/widgets-equal.pipe.ts
FN:8,(anonymous_0)
FNF:1
FNH:1
FNDA:2,(anonymous_0)
DA:1,1
DA:7,1
DA:9,2
LF:3
LH:3
BRDA:9,0,0,2
BRDA:9,0,1,2
BRDA:9,0,2,2
BRDA:9,0,3,1
BRF:4
BRH:4
end_of_record
TN:
SF:src/app/shared/services/data.service.ts
FN:41,(anonymous_0)
FN:14,(anonymous_1)
FN:21,(anonymous_2)
FN:26,(anonymous_3)
FN:31,(anonymous_4)
FN:32,(anonymous_5)
FNF:6
FNH:3
FNDA:5,(anonymous_0)
FNDA:1,(anonymous_1)
FNDA:1,(anonymous_2)
FNDA:0,(anonymous_3)
FNDA:0,(anonymous_4)
FNDA:0,(anonymous_5)
DA:1,5
DA:2,5
DA:3,5
DA:5,5
DA:6,5
DA:7,5
DA:12,5
DA:13,5
DA:15,1
DA:20,5
DA:21,1
DA:25,5
DA:26,0
DA:30,5
DA:31,0
DA:32,0
DA:41,5
DA:42,5
LF:18
LH:15
BRDA:21,0,0,1
BRDA:21,0,1,0
BRDA:26,1,0,0
BRDA:26,1,1,0
BRDA:26,2,0,0
BRDA:26,2,1,0
BRDA:26,3,0,0
BRDA:26,3,1,0
BRDA:34,4,0,0
BRDA:34,4,1,0
BRDA:34,5,0,0
BRDA:34,5,1,0
BRDA:41,6,0,5
BRDA:41,6,1,0
BRDA:41,7,0,5
BRDA:41,7,1,5
BRDA:41,8,0,5
BRDA:41,8,1,0
BRDA:41,9,0,5
BRDA:41,9,1,5
BRF:20
BRH:7
end_of_record
TN:
SF:src/app/shared/services/drag-and-drop.service.ts
FN:12,(anonymous_0)
FN:38,(anonymous_1)
FN:47,(anonymous_2)
FN:54,(anonymous_3)
FN:76,(anonymous_4)
FN:81,(anonymous_5)
FN:82,(anonymous_6)
FN:84,(anonymous_7)
FN:87,(anonymous_8)
FN:94,(anonymous_9)
FN:127,(anonymous_10)
FN:132,(anonymous_11)
FN:154,(anonymous_12)
FN:173,(anonymous_13)
FN:178,(anonymous_14)
FN:184,(anonymous_15)
FN:186,(anonymous_16)
FN:195,(anonymous_17)
FN:212,(anonymous_18)
FN:214,(anonymous_19)
FN:222,(anonymous_20)
FN:231,(anonymous_21)
FN:232,(anonymous_22)
FN:238,(anonymous_23)
FN:240,(anonymous_24)
FN:241,(anonymous_25)
FN:248,(anonymous_26)
FN:259,(anonymous_27)
FN:261,(anonymous_28)
FN:263,(anonymous_29)
FN:267,(anonymous_30)
FN:286,(anonymous_31)
FN:288,(anonymous_32)
FN:288,(anonymous_33)
FN:289,(anonymous_34)
FN:290,(anonymous_35)
FN:290,(anonymous_36)
FN:295,(anonymous_37)
FN:295,(anonymous_38)
FN:300,(anonymous_39)
FN:300,(anonymous_40)
FN:300,(anonymous_41)
FN:310,(anonymous_42)
FN:317,(anonymous_43)
FN:318,(anonymous_44)
FN:318,(anonymous_45)
FN:325,(anonymous_46)
FN:339,(anonymous_47)
FN:355,(anonymous_48)
FN:360,(anonymous_49)
FN:370,(anonymous_50)
FN:377,(anonymous_51)
FN:381,(anonymous_52)
FN:386,(anonymous_53)
FN:390,(anonymous_54)
FN:391,(anonymous_55)
FN:391,(anonymous_56)
FN:394,(anonymous_57)
FN:395,(anonymous_58)
FN:398,(anonymous_59)
FNF:60
FNH:59
FNDA:32,(anonymous_0)
FNDA:2,(anonymous_1)
FNDA:1,(anonymous_2)
FNDA:1,(anonymous_3)
FNDA:26,(anonymous_4)
FNDA:24,(anonymous_5)
FNDA:16,(anonymous_6)
FNDA:16,(anonymous_7)
FNDA:26,(anonymous_8)
FNDA:43,(anonymous_9)
FNDA:20,(anonymous_10)
FNDA:406,(anonymous_11)
FNDA:38,(anonymous_12)
FNDA:38,(anonymous_13)
FNDA:38,(anonymous_14)
FNDA:6,(anonymous_15)
FNDA:19,(anonymous_16)
FNDA:6,(anonymous_17)
FNDA:11,(anonymous_18)
FNDA:22,(anonymous_19)
FNDA:38,(anonymous_20)
FNDA:50,(anonymous_21)
FNDA:20,(anonymous_22)
FNDA:48,(anonymous_23)
FNDA:48,(anonymous_24)
FNDA:50,(anonymous_25)
FNDA:0,(anonymous_26)
FNDA:48,(anonymous_27)
FNDA:10,(anonymous_28)
FNDA:10,(anonymous_29)
FNDA:4,(anonymous_30)
FNDA:10,(anonymous_31)
FNDA:92,(anonymous_32)
FNDA:13,(anonymous_33)
FNDA:100,(anonymous_34)
FNDA:80,(anonymous_35)
FNDA:30,(anonymous_36)
FNDA:92,(anonymous_37)
FNDA:30,(anonymous_38)
FNDA:92,(anonymous_39)
FNDA:48,(anonymous_40)
FNDA:96,(anonymous_41)
FNDA:40,(anonymous_42)
FNDA:36,(anonymous_43)
FNDA:30,(anonymous_44)
FNDA:5,(anonymous_45)
FNDA:10,(anonymous_46)
FNDA:43,(anonymous_47)
FNDA:8,(anonymous_48)
FNDA:8,(anonymous_49)
FNDA:10,(anonymous_50)
FNDA:21,(anonymous_51)
FNDA:5,(anonymous_52)
FNDA:62,(anonymous_53)
FNDA:67,(anonymous_54)
FNDA:463,(anonymous_55)
FNDA:4004,(anonymous_56)
FNDA:4,(anonymous_57)
FNDA:107,(anonymous_58)
FNDA:233,(anonymous_59)
DA:1,8
DA:3,8
DA:12,8
DA:13,32
DA:16,32
DA:17,32
DA:19,32
DA:22,32
DA:24,32
DA:25,32
DA:28,32
DA:29,32
DA:35,32
DA:39,2
DA:40,2
DA:41,2
DA:42,2
DA:48,1
DA:49,1
DA:50,1
DA:55,1
DA:56,1
DA:57,1
DA:59,1
DA:60,0
DA:61,1
DA:62,1
DA:63,1
DA:65,1
DA:66,0
DA:67,0
DA:70,1
DA:77,26
DA:78,26
DA:79,26
DA:81,24
DA:82,16
DA:84,26
DA:87,26
DA:88,26
DA:95,43
DA:96,43
DA:97,43
DA:99,43
DA:100,38
DA:101,20
DA:103,38
DA:106,43
DA:107,43
DA:108,43
DA:110,43
DA:111,2
DA:114,41
DA:115,41
DA:117,41
DA:118,38
DA:121,41
DA:128,20
DA:130,20
DA:131,20
DA:132,20
DA:133,406
DA:134,20
DA:137,20
DA:138,3
DA:144,17
DA:156,38
DA:157,2
DA:160,38
DA:161,2
DA:164,38
DA:165,38
DA:166,38
DA:167,38
DA:168,12
DA:174,38
DA:175,38
DA:180,38
DA:181,38
DA:182,40
DA:184,40
DA:185,6
DA:186,6
DA:187,19
DA:188,11
DA:194,11
DA:195,6
DA:196,3
DA:201,3
DA:202,3
DA:203,3
DA:207,6
DA:213,11
DA:214,11
DA:215,22
DA:216,4
DA:219,11
DA:223,38
DA:224,38
DA:225,38
DA:226,48
DA:228,48
DA:229,48
DA:231,48
DA:232,50
DA:233,50
DA:240,48
DA:241,48
DA:242,50
DA:243,10
DA:246,40
DA:247,40
DA:248,10
DA:249,10
DA:250,0
DA:252,10
DA:260,48
DA:261,48
DA:262,10
DA:263,10
DA:264,10
DA:265,10
DA:267,10
DA:268,10
DA:269,0
DA:271,10
DA:280,10
DA:281,10
DA:282,10
DA:288,92
DA:289,100
DA:290,80
DA:292,10
DA:293,10
DA:295,92
DA:296,10
DA:297,10
DA:299,10
DA:300,96
DA:301,10
DA:302,10
DA:304,10
DA:305,10
DA:307,10
DA:308,10
DA:310,40
DA:312,10
DA:313,2
DA:314,8
DA:315,4
DA:317,36
DA:318,30
DA:319,4
DA:321,4
DA:326,10
DA:327,10
DA:328,22
DA:329,4
DA:330,18
DA:331,8
DA:333,10
DA:336,10
DA:340,43
DA:342,43
DA:343,38
DA:344,5
DA:345,5
DA:352,0
DA:356,8
DA:357,8
DA:361,8
DA:362,8
DA:363,8
DA:364,8
DA:365,8
DA:366,8
DA:367,8
DA:371,10
DA:372,10
DA:373,10
DA:374,10
DA:378,21
DA:382,5
DA:387,62
DA:391,4004
DA:395,107
DA:399,233
DA:400,233
DA:401,571
DA:402,2361
DA:405,233
LF:191
LH:185
BRDA:39,0,0,2
BRDA:39,1,0,2
BRDA:39,1,1,0
BRDA:39,1,2,0
BRDA:39,1,3,0
BRDA:48,2,0,1
BRDA:55,3,0,1
BRDA:55,4,0,1
BRDA:55,4,1,1
BRDA:59,5,0,0
BRDA:59,5,1,1
BRDA:61,6,0,1
BRDA:61,7,0,1
BRDA:61,7,1,0
BRDA:61,8,0,1
BRDA:61,8,1,0
BRDA:61,9,0,1
BRDA:61,9,1,1
BRDA:61,10,0,0
BRDA:61,10,1,0
BRDA:61,11,0,0
BRDA:61,11,1,0
BRDA:65,12,0,0
BRDA:81,13,0,24
BRDA:81,13,1,16
BRDA:95,14,0,43
BRDA:95,15,0,43
BRDA:95,15,1,17
BRDA:95,15,2,9
BRDA:99,16,0,38
BRDA:100,17,0,20
BRDA:107,18,0,0
BRDA:110,19,0,2
BRDA:110,20,0,43
BRDA:110,20,1,5
BRDA:117,21,0,38
BRDA:121,22,0,41
BRDA:121,22,1,0
BRDA:128,23,0,20
BRDA:131,24,0,20
BRDA:137,25,0,3
BRDA:137,25,1,17
BRDA:156,26,0,2
BRDA:160,27,0,2
BRDA:164,28,0,38
BRDA:167,29,0,12
BRDA:187,30,0,11
BRDA:187,31,0,19
BRDA:187,31,1,14
BRDA:194,32,0,3
BRDA:213,33,0,11
BRDA:213,33,1,11
BRDA:215,34,0,4
BRDA:215,35,0,22
BRDA:215,35,1,11
BRDA:223,36,0,0
BRDA:233,37,0,50
BRDA:233,37,1,40
BRDA:242,38,0,10
BRDA:247,39,0,10
BRDA:249,40,0,0
BRDA:249,40,1,10
BRDA:268,41,0,0
BRDA:268,41,1,10
BRDA:299,42,0,10
BRDA:299,42,1,0
BRDA:307,43,0,10
BRDA:307,43,1,6
BRDA:307,43,2,3
BRDA:308,44,0,10
BRDA:308,44,1,7
BRDA:308,44,2,4
BRDA:312,45,0,2
BRDA:312,45,1,8
BRDA:312,46,0,10
BRDA:312,46,1,3
BRDA:314,47,0,4
BRDA:314,47,1,4
BRDA:314,48,0,8
BRDA:314,48,1,6
BRDA:328,49,0,4
BRDA:328,49,1,18
BRDA:330,50,0,8
BRDA:330,50,1,10
BRDA:340,51,0,0
BRDA:342,52,0,38
BRDA:342,52,1,5
BRDA:344,53,0,5
BRDA:378,54,0,21
BRDA:378,54,1,21
BRDA:378,54,2,3
BRDA:382,55,0,5
BRDA:382,55,1,4
BRDA:391,56,0,4004
BRDA:391,56,1,600
BRDA:395,57,0,107
BRDA:395,57,1,107
BRDA:395,57,2,107
BRF:98
BRH:80
end_of_record
TN:
SF:src/app/shared/services/error.service.ts
FN:11,(anonymous_0)
FN:17,(anonymous_1)
FN:25,(anonymous_2)
FNF:3
FNH:3
FNDA:5,(anonymous_0)
FNDA:4,(anonymous_1)
FNDA:5,(anonymous_2)
DA:1,5
DA:2,5
DA:3,5
DA:9,5
DA:11,5
DA:13,5
DA:15,5
DA:18,4
DA:19,4
DA:21,0
DA:26,5
LF:11
LH:10
BRDA:17,0,0,0
BRDA:18,1,0,4
BRDA:18,1,1,0
BRDA:11,2,0,5
BRDA:11,2,1,0
BRDA:11,3,0,5
BRDA:11,3,1,5
BRF:7
BRH:4
end_of_record
TN:
SF:src/app/shared/services/features.service.ts
FN:12,(anonymous_0)
FN:16,(anonymous_1)
FN:21,(anonymous_2)
FN:26,(anonymous_3)
FNF:4
FNH:4
FNDA:6,(anonymous_0)
FNDA:6,(anonymous_1)
FNDA:2,(anonymous_2)
FNDA:7,(anonymous_3)
DA:1,6
DA:2,6
DA:3,6
DA:8,6
DA:9,6
DA:10,6
DA:12,6
DA:13,6
DA:17,6
DA:18,6
DA:22,2
DA:27,7
LF:12
LH:12
BRDA:22,0,0,2
BRDA:22,0,1,0
BRDA:12,1,0,6
BRDA:12,1,1,0
BRDA:12,2,0,6
BRDA:12,2,1,6
BRF:6
BRH:4
end_of_record
TN:
SF:src/app/shared/services/messaging.service.ts
FN:7,(anonymous_0)
FN:8,(anonymous_1)
FN:14,(anonymous_2)
FNF:3
FNH:1
FNDA:2,(anonymous_0)
FNDA:0,(anonymous_1)
FNDA:0,(anonymous_2)
DA:1,4
DA:6,4
DA:8,2
DA:9,0
DA:10,0
DA:15,0
DA:16,0
DA:17,0
LF:8
LH:3
BRDA:17,0,0,0
BRDA:17,0,1,0
BRDA:17,1,0,0
BRDA:17,1,1,0
BRF:4
BRH:0
end_of_record
TN:
SF:src/app/shared/services/modal.service.ts
FN:3,(anonymous_0)
FN:11,(anonymous_1)
FN:15,(anonymous_2)
FNF:3
FNH:1
FNDA:5,(anonymous_0)
FNDA:0,(anonymous_1)
FNDA:0,(anonymous_2)
DA:1,5
DA:3,5
DA:4,5
DA:8,5
DA:12,0
DA:16,0
LF:6
LH:4
BRDA:3,0,0,5
BRDA:3,0,1,5
BRF:2
BRH:2
end_of_record
TN:
SF:src/app/shared/services/rest-patient.service.ts
FN:14,(anonymous_0)
FN:18,(anonymous_1)
FN:21,(anonymous_2)
FN:22,(anonymous_3)
FN:26,(anonymous_4)
FNF:5
FNH:1
FNDA:3,(anonymous_0)
FNDA:0,(anonymous_1)
FNDA:0,(anonymous_2)
FNDA:0,(anonymous_3)
FNDA:0,(anonymous_4)
DA:1,5
DA:2,5
DA:3,5
DA:4,5
DA:10,5
DA:12,3
DA:14,3
DA:15,3
DA:19,0
DA:20,0
DA:21,0
DA:22,0
DA:29,0
LF:13
LH:8
BRDA:14,0,0,5
BRDA:14,0,1,0
BRDA:14,1,0,5
BRDA:14,1,1,5
BRDA:14,2,0,5
BRDA:14,2,1,0
BRDA:14,3,0,5
BRDA:14,3,1,5
BRF:8
BRH:6
end_of_record
TN:
SF:src/app/shared/services/rest-widgets.service.ts
FN:15,(anonymous_0)
FN:19,(anonymous_1)
FN:24,(anonymous_2)
FN:25,(anonymous_3)
FN:29,(anonymous_4)
FN:34,(anonymous_5)
FN:35,(anonymous_6)
FN:39,(anonymous_7)
FN:43,(anonymous_8)
FN:44,(anonymous_9)
FN:48,(anonymous_10)
FNF:11
FNH:9
FNDA:7,(anonymous_0)
FNDA:2,(anonymous_1)
FNDA:1,(anonymous_2)
FNDA:1,(anonymous_3)
FNDA:1,(anonymous_4)
FNDA:1,(anonymous_5)
FNDA:0,(anonymous_6)
FNDA:1,(anonymous_7)
FNDA:1,(anonymous_8)
FNDA:0,(anonymous_9)
FNDA:1,(anonymous_10)
DA:1,5
DA:3,5
DA:4,5
DA:6,5
DA:11,5
DA:13,7
DA:15,7
DA:16,7
DA:20,2
DA:21,2
DA:24,1
DA:25,1
DA:30,1
DA:31,1
DA:34,1
DA:35,0
DA:40,1
DA:41,1
DA:43,1
DA:44,0
DA:51,1
LF:21
LH:19
BRDA:24,0,0,1
BRDA:24,0,1,0
BRDA:34,1,0,1
BRDA:34,1,1,0
BRDA:43,2,0,1
BRDA:43,2,1,0
BRDA:15,3,0,5
BRDA:15,3,1,0
BRDA:15,4,0,5
BRDA:15,4,1,5
BRDA:15,5,0,5
BRDA:15,5,1,0
BRDA:15,6,0,5
BRDA:15,6,1,5
BRF:14
BRH:9
end_of_record
TN:
SF:src/app/shared/services/route-data.service.ts
FN:50,(anonymous_0)
FN:12,(anonymous_1)
FN:13,(anonymous_2)
FN:14,(anonymous_3)
FN:20,(anonymous_4)
FN:24,(anonymous_5)
FN:47,(anonymous_6)
FN:54,(anonymous_7)
FNF:8
FNH:3
FNDA:3,(anonymous_0)
FNDA:0,(anonymous_1)
FNDA:0,(anonymous_2)
FNDA:0,(anonymous_3)
FNDA:3,(anonymous_4)
FNDA:3,(anonymous_5)
FNDA:0,(anonymous_6)
FNDA:0,(anonymous_7)
DA:1,5
DA:2,5
DA:3,5
DA:5,5
DA:10,5
DA:11,3
DA:12,0
DA:13,0
DA:14,0
DA:19,3
DA:20,3
DA:25,3
DA:26,3
DA:27,3
DA:28,3
DA:40,3
DA:46,3
DA:47,0
DA:50,3
DA:51,3
DA:52,3
DA:54,3
LF:22
LH:18
BRDA:21,0,0,3
BRDA:21,0,1,3
BRDA:22,1,0,3
BRDA:22,1,1,3
BRDA:25,2,0,3
BRDA:25,2,1,0
BRDA:26,3,0,3
BRDA:47,4,0,0
BRDA:47,4,1,0
BRDA:50,5,0,5
BRDA:50,5,1,0
BRDA:50,6,0,5
BRDA:50,6,1,5
BRDA:50,7,0,5
BRDA:50,7,1,0
BRDA:50,8,0,5
BRDA:50,8,1,5
BRDA:51,9,0,5
BRDA:51,9,1,0
BRDA:51,10,0,5
BRDA:51,10,1,5
BRF:21
BRH:15
end_of_record
TN:
SF:src/app/shared/services/synchronisation.service.ts
FN:23,(anonymous_0)
FN:15,(anonymous_1)
FN:19,(anonymous_2)
FNF:3
FNH:3
FNDA:4,(anonymous_0)
FNDA:1,(anonymous_1)
FNDA:1,(anonymous_2)
DA:1,5
DA:2,5
DA:3,5
DA:9,5
DA:10,4
DA:11,4
DA:13,4
DA:15,1
DA:18,4
DA:19,1
DA:23,4
LF:11
LH:11
BRDA:15,0,0,1
BRDA:15,0,1,0
BRDA:23,1,0,5
BRDA:23,1,1,0
BRDA:23,2,0,5
BRDA:23,2,1,5
BRF:6
BRH:4
end_of_record
TN:
SF:src/app/shared/services/widgets.service.ts
FN:58,(anonymous_0)
FN:22,(anonymous_1)
FN:30,(anonymous_2)
FN:39,(anonymous_3)
FN:42,(anonymous_4)
FN:46,(anonymous_5)
FN:51,(anonymous_6)
FN:54,(anonymous_7)
FN:65,(anonymous_8)
FNF:9
FNH:2
FNDA:2,(anonymous_0)
FNDA:0,(anonymous_1)
FNDA:0,(anonymous_2)
FNDA:0,(anonymous_3)
FNDA:0,(anonymous_4)
FNDA:0,(anonymous_5)
FNDA:0,(anonymous_6)
FNDA:0,(anonymous_7)
FNDA:1,(anonymous_8)
DA:1,4
DA:2,4
DA:10,4
DA:11,4
DA:12,4
DA:13,4
DA:14,4
DA:19,4
DA:21,2
DA:22,0
DA:28,2
DA:31,0
DA:35,2
DA:37,2
DA:40,0
DA:42,0
DA:45,2
DA:46,0
DA:50,2
DA:52,0
DA:54,0
DA:58,2
DA:59,2
DA:60,2
DA:61,2
DA:62,2
DA:66,1
LF:27
LH:20
BRDA:58,0,0,4
BRDA:58,0,1,0
BRDA:58,1,0,4
BRDA:58,1,1,4
BRDA:58,2,0,4
BRDA:58,2,1,0
BRDA:58,3,0,4
BRDA:58,3,1,4
BRDA:59,4,0,4
BRDA:59,4,1,0
BRDA:59,5,0,4
BRDA:59,5,1,4
BRDA:60,6,0,4
BRDA:60,6,1,0
BRDA:60,7,0,4
BRDA:60,7,1,4
BRDA:61,8,0,4
BRDA:61,8,1,0
BRDA:61,9,0,4
BRDA:61,9,1,4
BRF:20
BRH:15
end_of_record
TN:
SF:src/app/shared/services/alert/alert-service.ts
FN:10,(anonymous_0)
FN:14,(anonymous_1)
FN:25,(anonymous_2)
FN:36,(anonymous_3)
FN:48,(anonymous_4)
FNF:5
FNH:5
FNDA:15,(anonymous_0)
FNDA:1,(anonymous_1)
FNDA:1,(anonymous_2)
FNDA:1,(anonymous_3)
FNDA:1,(anonymous_4)
DA:1,7
DA:2,7
DA:8,7
DA:10,15
DA:16,1
DA:22,1
DA:27,1
DA:33,1
DA:37,1
DA:45,1
DA:49,1
DA:58,1
LF:12
LH:12
BRDA:10,0,0,7
BRDA:10,0,1,0
BRDA:10,1,0,7
BRDA:10,1,1,7
BRF:4
BRH:3
end_of_record
TN:
SF:src/app/widget-overview/widget-overview.component.ts
FN:51,(anonymous_0)
FN:14,(anonymous_1)
FN:19,(anonymous_2)
FN:24,(anonymous_3)
FN:28,(anonymous_4)
FN:53,(anonymous_5)
FN:54,(anonymous_6)
FN:54,(anonymous_7)
FN:55,(anonymous_8)
FN:55,(anonymous_9)
FN:58,(anonymous_10)
FN:64,(anonymous_11)
FN:65,(anonymous_12)
FNF:13
FNH:10
FNDA:3,(anonymous_0)
FNDA:2,(anonymous_1)
FNDA:20,(anonymous_2)
FNDA:1,(anonymous_3)
FNDA:6,(anonymous_4)
FNDA:3,(anonymous_5)
FNDA:10,(anonymous_6)
FNDA:9,(anonymous_7)
FNDA:10,(anonymous_8)
FNDA:9,(anonymous_9)
FNDA:0,(anonymous_10)
FNDA:0,(anonymous_11)
FNDA:0,(anonymous_12)
DA:1,1
DA:3,1
DA:5,1
DA:12,1
DA:13,3
DA:15,2
DA:16,2
DA:20,20
DA:23,3
DA:25,1
DA:26,1
DA:29,6
DA:32,3
DA:33,3
DA:35,3
DA:36,3
DA:37,3
DA:38,3
DA:39,3
DA:41,3
DA:42,3
DA:43,3
DA:44,3
DA:51,3
DA:54,10
DA:55,10
DA:59,0
DA:60,0
DA:61,0
DA:65,0
LF:30
LH:26
BRDA:51,0,0,1
BRDA:51,0,1,0
BRDA:51,1,0,1
BRDA:51,1,1,1
BRF:4
BRH:3
end_of_record
TN:
SF:src/app/widget-overview/topic-filter/topic-filter.component.ts
FN:9,(anonymous_0)
FN:14,(anonymous_1)
FN:16,(anonymous_2)
FN:23,(anonymous_3)
FNF:4
FNH:4
FNDA:3,(anonymous_0)
FNDA:3,(anonymous_1)
FNDA:2,(anonymous_2)
FNDA:1,(anonymous_3)
DA:1,1
DA:9,1
DA:10,3
DA:11,3
DA:12,3
DA:15,3
DA:16,2
DA:18,2
DA:20,3
DA:24,1
DA:25,1
LF:11
LH:11
BRDA:15,0,0,1
BRDA:15,0,1,2
BRF:2
BRH:2
end_of_record
TN:
SF:src/app/widget-overview/widget-size-preview/widget-size-preview.component.ts
FN:8,(anonymous_0)
FN:13,(anonymous_1)
FNF:2
FNH:2
FNDA:4,(anonymous_0)
FNDA:7,(anonymous_1)
DA:1,1
DA:8,1
DA:9,4
DA:10,4
DA:11,4
DA:14,7
DA:15,7
DA:16,7
DA:17,26
DA:18,26
DA:19,156
LF:11
LH:11
BRDA:19,0,0,156
BRDA:19,0,1,60
BRF:2
BRH:2
end_of_record
